# JRE version: Java(TM) SE Runtime Environment (8.0_101-b13) (build 1.8.0_101-b13)
# Java VM: Java HotSpot(TM) 64-Bit Server VM (25.101-b13 mixed mode linux-amd64 compressed oops)
Heap:
 PSYoungGen      total 33792K, used 1024K [0x00000000f6300000, 0x00000000f8500000, 0x0000000100000000)
  eden space 32768K, 0% used [0x00000000f6300000,0x00000000f6300000,0x00000000f8300000)
  from space 1024K, 100% used [0x00000000f8300000,0x00000000f8400000,0x00000000f8400000)
  to   space 1024K, 0% used [0x00000000f8400000,0x00000000f8400000,0x00000000f8500000)
 ParOldGen       total 20480K, used 9917K [0x00000000e2800000, 0x00000000e3c00000, 0x00000000f6300000)
  object space 20480K, 48% used [0x00000000e2800000,0x00000000e31af798,0x00000000e3c00000)
 Metaspace       used 13893K, capacity 14248K, committed 14464K, reserved 1062912K
  class space    used 1702K, capacity 1827K, committed 1920K, reserved 1048576K
GC Heap History (9 events):
Event: 2,187 GC heap before
{Heap before GC invocations=1 (full 0):
 PSYoungGen      total 9216K, used 8192K [0x00000000f6300000, 0x00000000f6d00000, 0x0000000100000000)
  eden space 8192K, 100% used [0x00000000f6300000,0x00000000f6b00000,0x00000000f6b00000)
  from space 1024K, 0% used [0x00000000f6c00000,0x00000000f6c00000,0x00000000f6d00000)
  to   space 1024K, 0% used [0x00000000f6b00000,0x00000000f6b00000,0x00000000f6c00000)
 ParOldGen       total 20480K, used 0K [0x00000000e2800000, 0x00000000e3c00000, 0x00000000f6300000)
  object space 20480K, 0% used [0x00000000e2800000,0x00000000e2800000,0x00000000e3c00000)
 Metaspace       used 5463K, capacity 5932K, committed 6144K, reserved 1056768K
  class space    used 641K, capacity 728K, committed 768K, reserved 1048576K
Event: 2,292 GC heap after
Heap after GC invocations=1 (full 0):
 PSYoungGen      total 9216K, used 1024K [0x00000000f6300000, 0x00000000f7500000, 0x0000000100000000)
  eden space 8192K, 0% used [0x00000000f6300000,0x00000000f6300000,0x00000000f6b00000)
  from space 1024K, 100% used [0x00000000f6b00000,0x00000000f6c00000,0x00000000f6c00000)
  to   space 1024K, 0% used [0x00000000f7400000,0x00000000f7400000,0x00000000f7500000)
 ParOldGen       total 20480K, used 1151K [0x00000000e2800000, 0x00000000e3c00000, 0x00000000f6300000)
  object space 20480K, 5% used [0x00000000e2800000,0x00000000e291fc88,0x00000000e3c00000)
 Metaspace       used 5463K, capacity 5932K, committed 6144K, reserved 1056768K
  class space    used 641K, capacity 728K, committed 768K, reserved 1048576K
}
Event: 3,126 GC heap before
{Heap before GC invocations=2 (full 0):
 PSYoungGen      total 9216K, used 9216K [0x00000000f6300000, 0x00000000f7500000, 0x0000000100000000)
  eden space 8192K, 100% used [0x00000000f6300000,0x00000000f6b00000,0x00000000f6b00000)
  from space 1024K, 100% used [0x00000000f6b00000,0x00000000f6c00000,0x00000000f6c00000)
  to   space 1024K, 0% used [0x00000000f7400000,0x00000000f7400000,0x00000000f7500000)
 ParOldGen       total 20480K, used 1151K [0x00000000e2800000, 0x00000000e3c00000, 0x00000000f6300000)
  object space 20480K, 5% used [0x00000000e2800000,0x00000000e291fc88,0x00000000e3c00000)
 Metaspace       used 6683K, capacity 6812K, committed 7040K, reserved 1056768K
  class space    used 826K, capacity 888K, committed 896K, reserved 1048576K
Event: 3,140 GC heap after
Heap after GC invocations=2 (full 0):
 PSYoungGen      total 17408K, used 1008K [0x00000000f6300000, 0x00000000f7500000, 0x0000000100000000)
  eden space 16384K, 0% used [0x00000000f6300000,0x00000000f6300000,0x00000000f7300000)
  from space 1024K, 98% used [0x00000000f7400000,0x00000000f74fc010,0x00000000f7500000)
  to   space 1024K, 0% used [0x00000000f7300000,0x00000000f7300000,0x00000000f7400000)
 ParOldGen       total 20480K, used 2150K [0x00000000e2800000, 0x00000000e3c00000, 0x00000000f6300000)
  object space 20480K, 10% used [0x00000000e2800000,0x00000000e2a19a98,0x00000000e3c00000)
 Metaspace       used 6683K, capacity 6812K, committed 7040K, reserved 1056768K
  class space    used 826K, capacity 888K, committed 896K, reserved 1048576K
}
Event: 4,679 GC heap before
{Heap before GC invocations=3 (full 0):
 PSYoungGen      total 17408K, used 17392K [0x00000000f6300000, 0x00000000f7500000, 0x0000000100000000)
  eden space 16384K, 100% used [0x00000000f6300000,0x00000000f7300000,0x00000000f7300000)
  from space 1024K, 98% used [0x00000000f7400000,0x00000000f74fc010,0x00000000f7500000)
  to   space 1024K, 0% used [0x00000000f7300000,0x00000000f7300000,0x00000000f7400000)
 ParOldGen       total 20480K, used 2150K [0x00000000e2800000, 0x00000000e3c00000, 0x00000000f6300000)
  object space 20480K, 10% used [0x00000000e2800000,0x00000000e2a19a98,0x00000000e3c00000)
 Metaspace       used 7886K, capacity 8008K, committed 8320K, reserved 1056768K
  class space    used 1001K, capacity 1050K, committed 1152K, reserved 1048576K
Event: 4,691 GC heap after
Heap after GC invocations=3 (full 0):
 PSYoungGen      total 17408K, used 992K [0x00000000f6300000, 0x00000000f8500000, 0x0000000100000000)
  eden space 16384K, 0% used [0x00000000f6300000,0x00000000f6300000,0x00000000f7300000)
  from space 1024K, 96% used [0x00000000f7300000,0x00000000f73f8020,0x00000000f7400000)
  to   space 1024K, 0% used [0x00000000f8400000,0x00000000f8400000,0x00000000f8500000)
 ParOldGen       total 20480K, used 3835K [0x00000000e2800000, 0x00000000e3c00000, 0x00000000f6300000)
  object space 20480K, 18% used [0x00000000e2800000,0x00000000e2bbef50,0x00000000e3c00000)
 Metaspace       used 7886K, capacity 8008K, committed 8320K, reserved 1056768K
  class space    used 1001K, capacity 1050K, committed 1152K, reserved 1048576K
}
Event: 6,064 GC heap before
{Heap before GC invocations=4 (full 0):
 PSYoungGen      total 17408K, used 17376K [0x00000000f6300000, 0x00000000f8500000, 0x0000000100000000)
  eden space 16384K, 100% used [0x00000000f6300000,0x00000000f7300000,0x00000000f7300000)
  from space 1024K, 96% used [0x00000000f7300000,0x00000000f73f8020,0x00000000f7400000)
  to   space 1024K, 0% used [0x00000000f8400000,0x00000000f8400000,0x00000000f8500000)
 ParOldGen       total 20480K, used 3835K [0x00000000e2800000, 0x00000000e3c00000, 0x00000000f6300000)
  object space 20480K, 18% used [0x00000000e2800000,0x00000000e2bbef50,0x00000000e3c00000)
 Metaspace       used 9861K, capacity 10012K, committed 10112K, reserved 1058816K
  class space    used 1252K, capacity 1309K, committed 1408K, reserved 1048576K
Event: 6,112 GC heap after
Heap after GC invocations=4 (full 0):
 PSYoungGen      total 33792K, used 1024K [0x00000000f6300000, 0x00000000f8500000, 0x0000000100000000)
  eden space 32768K, 0% used [0x00000000f6300000,0x00000000f6300000,0x00000000f8300000)
  from space 1024K, 100% used [0x00000000f8400000,0x00000000f8500000,0x00000000f8500000)
  to   space 1024K, 0% used [0x00000000f8300000,0x00000000f8300000,0x00000000f8400000)
 ParOldGen       total 20480K, used 6245K [0x00000000e2800000, 0x00000000e3c00000, 0x00000000f6300000)
  object space 20480K, 30% used [0x00000000e2800000,0x00000000e2e19740,0x00000000e3c00000)
 Metaspace       used 9861K, capacity 10012K, committed 10112K, reserved 1058816K
  class space    used 1252K, capacity 1309K, committed 1408K, reserved 1048576K
}
Event: 12,671 GC heap before
{Heap before GC invocations=5 (full 0):
 PSYoungGen      total 33792K, used 33792K [0x00000000f6300000, 0x00000000f8500000, 0x0000000100000000)
  eden space 32768K, 100% used [0x00000000f6300000,0x00000000f8300000,0x00000000f8300000)
  from space 1024K, 100% used [0x00000000f8400000,0x00000000f8500000,0x00000000f8500000)
  to   space 1024K, 0% used [0x00000000f8300000,0x00000000f8300000,0x00000000f8400000)
 ParOldGen       total 20480K, used 6245K [0x00000000e2800000, 0x00000000e3c00000, 0x00000000f6300000)
  object space 20480K, 30% used [0x00000000e2800000,0x00000000e2e19740,0x00000000e3c00000)
 Metaspace       used 13893K, capacity 14248K, committed 14464K, reserved 1062912K
  class space    used 1702K, capacity 1827K, committed 1920K, reserved 1048576K

